C51 COMPILER V9.57.0.0   MAIN                                                              06/30/2020 23:01:40 PAGE 1   


C51 COMPILER V9.57.0.0, COMPILATION OF MODULE MAIN
OBJECT MODULE PLACED IN .\Objects\main.obj
COMPILER INVOKED BY: C:\Program Files (x86)\Keil_v5\C51\C51\BIN\C51.EXE main.c OPTIMIZE(8,SPEED) BROWSE DEBUG OBJECTEXTE
                    -ND PRINT(.\Listings\main.lst) TABS(2) OBJECT(.\Objects\main.obj)

line level    source

   1          #include <uart.h>
   2          u8 temp=1;
   3          void main(void)
   4          {
   5   1        u8 *b="飞花两岸映船红\r\n百里榆堤半日风\r\n卧看满天云不动\r\n不知云与我俱东\r\n";
   6   1        u8 c[]="\r\n";
   7   1        
   8   1        InitUART();
   9   1        SendOneByte('3');
  10   1        SendStr(b);
  11   1        P0=0x21;  
  12   1        while(1)
  13   1        {
  14   2          if(temp==1)
  15   2          {
  16   3              SendOneByte(SBUF);
  17   3            
  18   3      //      SendStr("P0= ");
  19   3      //      SendVar(P0);
  20   3      //      SendStr("\r\n");
  21   3      //      SendStr("P1= ");
  22   3      //      SendVar(P1);
  23   3      //      SendStr("\r\n");
  24   3      //      SendStr("P2= ");
  25   3      //      SendVar(P2);
  26   3      //      SendStr("\r\n");
  27   3      //      SendStr("P3= ");
  28   3      //      SendVar(P3);
  29   3      //      SendStr("\r\n");
  30   3            temp=0;
  31   3          }
  32   2        }
  33   1      }
  34          
  35          /***串口服务函数*******/
  36          void UARTInterrupt(void) interrupt 4
  37          {
  38   1          if(RI)
  39   1          {
  40   2            RI = 0;
  41   2            temp=1;
  42   2              //add your code here!
  43   2          }
  44   1      
  45   1      }


MODULE INFORMATION:   STATIC OVERLAYABLE
   CODE SIZE        =     72    ----
   CONSTANT SIZE    =     68    ----
   XDATA SIZE       =   ----    ----
   PDATA SIZE       =   ----    ----
   DATA SIZE        =      1       6
   IDATA SIZE       =   ----    ----
C51 COMPILER V9.57.0.0   MAIN                                                              06/30/2020 23:01:40 PAGE 2   

   BIT SIZE         =   ----    ----
END OF MODULE INFORMATION.


C51 COMPILATION COMPLETE.  0 WARNING(S),  0 ERROR(S)
