C51 COMPILER V9.57.0.0   UATT                                                              06/30/2020 23:01:40 PAGE 1   


C51 COMPILER V9.57.0.0, COMPILATION OF MODULE UATT
OBJECT MODULE PLACED IN .\Objects\uatt.obj
COMPILER INVOKED BY: C:\Program Files (x86)\Keil_v5\C51\C51\BIN\C51.EXE uatt.c OPTIMIZE(8,SPEED) BROWSE DEBUG OBJECTEXTE
                    -ND PRINT(.\Listings\uatt.lst) TABS(2) OBJECT(.\Objects\uatt.obj)

line level    source

   1          /***    51单片机12T 串口程序
   2                      时间：20181110 
   3                      地点：凤达f522
   4                      作者：Light
   5                      *******/
   6          
   7          
   8          
   9          /*** 串口中断使用注意事项：
  10                                                          1、打开中断后，接受中断和发送中断会同时打开
  11                                                          2、发送中断，当发送完 8bit既一个字节，就跳一次中断
  12                                                          3、接收中断，当接收完 8bit既一个字节，就进一次中断
  13                                                          
  14                                                          所以，当发送函数中有 while（！TI）；TI=0；既有清除中断标志
             -时，中断中就不用清除了；
  15                                                          *******/
  16          #include <uart.h>
  17          #include <stdio.h>
  18          
  19          /***串口初始化*******/
  20          void InitUART(void)
  21          {
  22   1      //    TMOD = 0x20;
  23   1      //    SCON = 0x50;
  24   1      //    TH1 = 0xF3;
  25   1      //    TL1 = TH1;
  26   1      //    PCON = 0x00;
  27   1      //    EA = 1;
  28   1      //    ES = 1;
  29   1      //    TR1 = 1;
  30   1          TMOD = 0x20;
  31   1          SCON = 0x50;
  32   1          TH1 = 0xFD;
  33   1          TL1 = TH1;
  34   1          PCON = 0x00;
  35   1          EA = 1;
  36   1          ES = 1;
  37   1          TR1 = 1;
  38   1      }
  39          /***发送一个字节*******/
  40          void SendOneByte(unsigned char c)
  41          {
  42   1          SBUF = c;
  43   1          while(!TI);
  44   1          TI = 0;
  45   1      }
  46          /***发送字符串*******/
  47          void SendStr(u8 *a)
  48          {
  49   1          while(*a!=0)
  50   1          {
  51   2              SendOneByte(*a);
  52   2              a++;
  53   2          }
C51 COMPILER V9.57.0.0   UATT                                                              06/30/2020 23:01:40 PAGE 2   

  54   1      }
  55          void SendVar(int Var)
  56          {
  57   1           u8 temp[8];
  58   1          sprintf(temp,"%02x",Var);
  59   1          
  60   1          SendStr(temp);
  61   1      }
  62          
  63          
  64          
  65          
  66          
  67          
  68          
  69          
  70          #ifdef __cplusplus
              #if __cplusplus
              }
              #endif
              #endif /* __cplusplus */
  75          


MODULE INFORMATION:   STATIC OVERLAYABLE
   CODE SIZE        =     80    ----
   CONSTANT SIZE    =      5    ----
   XDATA SIZE       =   ----    ----
   PDATA SIZE       =   ----    ----
   DATA SIZE        =   ----       8
   IDATA SIZE       =   ----    ----
   BIT SIZE         =   ----    ----
END OF MODULE INFORMATION.


C51 COMPILATION COMPLETE.  0 WARNING(S),  0 ERROR(S)
